!SESSION 2024-04-16 22:06:04.619 -----------------------------------------------
eclipse.buildId=unknown
java.fullversion=18.0.2-ea+9
JRE 18 Mac OS X aarch64-64-Bit 20220818_37 (JIT enabled, AOT enabled)
OpenJ9   - 1d9d16830
OMR      - b58aa2708
JCL      - 8406c39ea29 based on jdk-18.0.2+9
BootLoader constants: OS=macosx, ARCH=aarch64, WS=cocoa, NL=en_US
Command-line arguments:  -clean -nl en_US -configuration /Users/papemayeldiagnethiam/Desktop/FISA INFO 4/Optimisation et Graphes/TPs/CPLEX/.metadata/workspace_oplrun

!ENTRY ilog.odms.ide.opllang.remote 1 0 2024-04-16 22:06:04.621
!MESSAGE Run Configuration1 in /Users/papemayeldiagnethiam/Desktop/FISA INFO 4/Optimisation et Graphes/TPs/CPLEX/shortest-path
!SESSION 2024-04-16 22:07:03.597 -----------------------------------------------
eclipse.buildId=unknown
java.fullversion=18.0.2-ea+9
JRE 18 Mac OS X aarch64-64-Bit 20220818_37 (JIT enabled, AOT enabled)
OpenJ9   - 1d9d16830
OMR      - b58aa2708
JCL      - 8406c39ea29 based on jdk-18.0.2+9
BootLoader constants: OS=macosx, ARCH=aarch64, WS=cocoa, NL=en_US
Command-line arguments:  -clean -nl en_US -configuration /Users/papemayeldiagnethiam/Desktop/FISA INFO 4/Optimisation et Graphes/TPs/CPLEX/.metadata/workspace_oplrun

!ENTRY ilog.odms.ide.opllang.remote 1 0 2024-04-16 22:07:03.597
!MESSAGE Run Configuration1 in /Users/papemayeldiagnethiam/Desktop/FISA INFO 4/Optimisation et Graphes/TPs/CPLEX/shortest-path
!SESSION 2024-04-16 22:38:45.221 -----------------------------------------------
eclipse.buildId=unknown
java.fullversion=18.0.2-ea+9
JRE 18 Mac OS X aarch64-64-Bit 20220818_37 (JIT enabled, AOT enabled)
OpenJ9   - 1d9d16830
OMR      - b58aa2708
JCL      - 8406c39ea29 based on jdk-18.0.2+9
BootLoader constants: OS=macosx, ARCH=aarch64, WS=cocoa, NL=en_US
Command-line arguments:  -clean -nl en_US -configuration /Users/papemayeldiagnethiam/Desktop/FISA INFO 4/Optimisation et Graphes/TPs/CPLEX/.metadata/workspace_oplrun

!ENTRY ilog.odms.ide.opllang.remote 1 0 2024-04-16 22:38:45.221
!MESSAGE Run Configuration1 in /Users/papemayeldiagnethiam/Desktop/FISA INFO 4/Optimisation et Graphes/TPs/CPLEX/shortest-path

!ENTRY ilog.odms.ide.opllang.remote 4 0 2024-04-16 22:38:45.308
!MESSAGE run failed
!STACK 0
ilog.concert.IloException: Processing failed.
	at ilog.opl.opl_lang_wrapJNI.IloOplModel_getModel(Native Method)
	at ilog.opl.IloOplModel.getModel(IloOplModel.java:633)
	at ilog.odms.ide.opllang.run.IloAbstractRunShell.loadModel(IloAbstractRunShell.java:1215)
	at ilog.odms.ide.opllang.remote.IloOplRunConfigRunner.doProcessModel(IloOplRunConfigRunner.java:156)
	at ilog.odms.ide.opllang.remote.IloOplRunConfigRunner.doRun(IloOplRunConfigRunner.java:377)
	at ilog.odms.ide.opllang.run.IloAbstractRunShell$2.run(IloAbstractRunShell.java:1605)
	at org.eclipse.core.internal.jobs.Worker.run(Worker.java:63)
!SESSION 2024-04-16 22:41:57.494 -----------------------------------------------
eclipse.buildId=unknown
java.fullversion=18.0.2-ea+9
JRE 18 Mac OS X aarch64-64-Bit 20220818_37 (JIT enabled, AOT enabled)
OpenJ9   - 1d9d16830
OMR      - b58aa2708
JCL      - 8406c39ea29 based on jdk-18.0.2+9
BootLoader constants: OS=macosx, ARCH=aarch64, WS=cocoa, NL=en_US
Command-line arguments:  -clean -nl en_US -configuration /Users/papemayeldiagnethiam/Desktop/FISA INFO 4/Optimisation et Graphes/TPs/CPLEX/.metadata/workspace_oplrun

!ENTRY ilog.odms.ide.opllang.remote 1 0 2024-04-16 22:41:57.494
!MESSAGE Run Configuration1 in /Users/papemayeldiagnethiam/Desktop/FISA INFO 4/Optimisation et Graphes/TPs/CPLEX/shortest-path

!ENTRY ilog.odms.ide.opllang.remote 4 0 2024-04-16 22:41:57.544
!MESSAGE run failed
!STACK 0
ilog.concert.IloException: Processing failed.
	at ilog.opl.opl_lang_wrapJNI.IloOplModel_getModel(Native Method)
	at ilog.opl.IloOplModel.getModel(IloOplModel.java:633)
	at ilog.odms.ide.opllang.run.IloAbstractRunShell.loadModel(IloAbstractRunShell.java:1215)
	at ilog.odms.ide.opllang.remote.IloOplRunConfigRunner.doProcessModel(IloOplRunConfigRunner.java:156)
	at ilog.odms.ide.opllang.remote.IloOplRunConfigRunner.doRun(IloOplRunConfigRunner.java:377)
	at ilog.odms.ide.opllang.run.IloAbstractRunShell$2.run(IloAbstractRunShell.java:1605)
	at org.eclipse.core.internal.jobs.Worker.run(Worker.java:63)
!SESSION 2024-04-16 22:43:33.135 -----------------------------------------------
eclipse.buildId=unknown
java.fullversion=18.0.2-ea+9
JRE 18 Mac OS X aarch64-64-Bit 20220818_37 (JIT enabled, AOT enabled)
OpenJ9   - 1d9d16830
OMR      - b58aa2708
JCL      - 8406c39ea29 based on jdk-18.0.2+9
BootLoader constants: OS=macosx, ARCH=aarch64, WS=cocoa, NL=en_US
Command-line arguments:  -clean -nl en_US -configuration /Users/papemayeldiagnethiam/Desktop/FISA INFO 4/Optimisation et Graphes/TPs/CPLEX/.metadata/workspace_oplrun

!ENTRY ilog.odms.ide.opllang.remote 1 0 2024-04-16 22:43:33.135
!MESSAGE Run Configuration1 in /Users/papemayeldiagnethiam/Desktop/FISA INFO 4/Optimisation et Graphes/TPs/CPLEX/shortest-path

!ENTRY ilog.odms.ide.opllang.remote 4 0 2024-04-16 22:43:33.174
!MESSAGE run failed
!STACK 0
ilog.concert.IloException: Processing failed.
	at ilog.opl.opl_lang_wrapJNI.IloOplModel_getModel(Native Method)
	at ilog.opl.IloOplModel.getModel(IloOplModel.java:633)
	at ilog.odms.ide.opllang.run.IloAbstractRunShell.loadModel(IloAbstractRunShell.java:1215)
	at ilog.odms.ide.opllang.remote.IloOplRunConfigRunner.doProcessModel(IloOplRunConfigRunner.java:156)
	at ilog.odms.ide.opllang.remote.IloOplRunConfigRunner.doRun(IloOplRunConfigRunner.java:377)
	at ilog.odms.ide.opllang.run.IloAbstractRunShell$2.run(IloAbstractRunShell.java:1605)
	at org.eclipse.core.internal.jobs.Worker.run(Worker.java:63)
!SESSION 2024-04-16 22:45:25.440 -----------------------------------------------
eclipse.buildId=unknown
java.fullversion=18.0.2-ea+9
JRE 18 Mac OS X aarch64-64-Bit 20220818_37 (JIT enabled, AOT enabled)
OpenJ9   - 1d9d16830
OMR      - b58aa2708
JCL      - 8406c39ea29 based on jdk-18.0.2+9
BootLoader constants: OS=macosx, ARCH=aarch64, WS=cocoa, NL=en_US
Command-line arguments:  -clean -nl en_US -configuration /Users/papemayeldiagnethiam/Desktop/FISA INFO 4/Optimisation et Graphes/TPs/CPLEX/.metadata/workspace_oplrun

!ENTRY ilog.odms.ide.opllang.remote 1 0 2024-04-16 22:45:25.440
!MESSAGE Run Configuration1 in /Users/papemayeldiagnethiam/Desktop/FISA INFO 4/Optimisation et Graphes/TPs/CPLEX/shortest-path

!ENTRY ilog.odms.ide.opllang.remote 4 0 2024-04-16 22:45:25.483
!MESSAGE run failed
!STACK 0
ilog.concert.IloException: Processing failed.
	at ilog.opl.opl_lang_wrapJNI.IloOplModel_getModel(Native Method)
	at ilog.opl.IloOplModel.getModel(IloOplModel.java:633)
	at ilog.odms.ide.opllang.run.IloAbstractRunShell.loadModel(IloAbstractRunShell.java:1215)
	at ilog.odms.ide.opllang.remote.IloOplRunConfigRunner.doProcessModel(IloOplRunConfigRunner.java:156)
	at ilog.odms.ide.opllang.remote.IloOplRunConfigRunner.doRun(IloOplRunConfigRunner.java:377)
	at ilog.odms.ide.opllang.run.IloAbstractRunShell$2.run(IloAbstractRunShell.java:1605)
	at org.eclipse.core.internal.jobs.Worker.run(Worker.java:63)
!SESSION 2024-04-16 22:52:26.387 -----------------------------------------------
eclipse.buildId=unknown
java.fullversion=18.0.2-ea+9
JRE 18 Mac OS X aarch64-64-Bit 20220818_37 (JIT enabled, AOT enabled)
OpenJ9   - 1d9d16830
OMR      - b58aa2708
JCL      - 8406c39ea29 based on jdk-18.0.2+9
BootLoader constants: OS=macosx, ARCH=aarch64, WS=cocoa, NL=en_US
Command-line arguments:  -clean -nl en_US -configuration /Users/papemayeldiagnethiam/Desktop/FISA INFO 4/Optimisation et Graphes/TPs/CPLEX/.metadata/workspace_oplrun

!ENTRY ilog.odms.ide.opllang.remote 1 0 2024-04-16 22:52:26.387
!MESSAGE Run Configuration1 in /Users/papemayeldiagnethiam/Desktop/FISA INFO 4/Optimisation et Graphes/TPs/CPLEX/shortest-path

!ENTRY ilog.odms.ide.opllang.remote 4 0 2024-04-16 22:52:26.472
!MESSAGE run failed
!STACK 0
ilog.concert.IloException: Processing failed.
	at ilog.opl.opl_lang_wrapJNI.IloOplModel_getModel(Native Method)
	at ilog.opl.IloOplModel.getModel(IloOplModel.java:633)
	at ilog.odms.ide.opllang.run.IloAbstractRunShell.loadModel(IloAbstractRunShell.java:1215)
	at ilog.odms.ide.opllang.remote.IloOplRunConfigRunner.doProcessModel(IloOplRunConfigRunner.java:156)
	at ilog.odms.ide.opllang.remote.IloOplRunConfigRunner.doRun(IloOplRunConfigRunner.java:377)
	at ilog.odms.ide.opllang.run.IloAbstractRunShell$2.run(IloAbstractRunShell.java:1605)
	at org.eclipse.core.internal.jobs.Worker.run(Worker.java:63)
!SESSION 2024-04-16 22:53:48.201 -----------------------------------------------
eclipse.buildId=unknown
java.fullversion=18.0.2-ea+9
JRE 18 Mac OS X aarch64-64-Bit 20220818_37 (JIT enabled, AOT enabled)
OpenJ9   - 1d9d16830
OMR      - b58aa2708
JCL      - 8406c39ea29 based on jdk-18.0.2+9
BootLoader constants: OS=macosx, ARCH=aarch64, WS=cocoa, NL=en_US
Command-line arguments:  -clean -nl en_US -configuration /Users/papemayeldiagnethiam/Desktop/FISA INFO 4/Optimisation et Graphes/TPs/CPLEX/.metadata/workspace_oplrun

!ENTRY ilog.odms.ide.opllang.remote 1 0 2024-04-16 22:53:48.201
!MESSAGE Run Configuration1 in /Users/papemayeldiagnethiam/Desktop/FISA INFO 4/Optimisation et Graphes/TPs/CPLEX/shortest-path

!ENTRY ilog.odms.ide.opllang.remote 4 0 2024-04-16 22:53:48.243
!MESSAGE run failed
!STACK 0
ilog.concert.IloException: Processing failed.
	at ilog.opl.opl_lang_wrapJNI.IloOplModel_getModel(Native Method)
	at ilog.opl.IloOplModel.getModel(IloOplModel.java:633)
	at ilog.odms.ide.opllang.run.IloAbstractRunShell.loadModel(IloAbstractRunShell.java:1215)
	at ilog.odms.ide.opllang.remote.IloOplRunConfigRunner.doProcessModel(IloOplRunConfigRunner.java:156)
	at ilog.odms.ide.opllang.remote.IloOplRunConfigRunner.doRun(IloOplRunConfigRunner.java:377)
	at ilog.odms.ide.opllang.run.IloAbstractRunShell$2.run(IloAbstractRunShell.java:1605)
	at org.eclipse.core.internal.jobs.Worker.run(Worker.java:63)
!SESSION 2024-04-16 22:54:54.935 -----------------------------------------------
eclipse.buildId=unknown
java.fullversion=18.0.2-ea+9
JRE 18 Mac OS X aarch64-64-Bit 20220818_37 (JIT enabled, AOT enabled)
OpenJ9   - 1d9d16830
OMR      - b58aa2708
JCL      - 8406c39ea29 based on jdk-18.0.2+9
BootLoader constants: OS=macosx, ARCH=aarch64, WS=cocoa, NL=en_US
Command-line arguments:  -clean -nl en_US -configuration /Users/papemayeldiagnethiam/Desktop/FISA INFO 4/Optimisation et Graphes/TPs/CPLEX/.metadata/workspace_oplrun

!ENTRY ilog.odms.ide.opllang.remote 1 0 2024-04-16 22:54:54.936
!MESSAGE Run Configuration1 in /Users/papemayeldiagnethiam/Desktop/FISA INFO 4/Optimisation et Graphes/TPs/CPLEX/shortest-path
!SESSION 2024-04-16 22:55:25.973 -----------------------------------------------
eclipse.buildId=unknown
java.fullversion=18.0.2-ea+9
JRE 18 Mac OS X aarch64-64-Bit 20220818_37 (JIT enabled, AOT enabled)
OpenJ9   - 1d9d16830
OMR      - b58aa2708
JCL      - 8406c39ea29 based on jdk-18.0.2+9
BootLoader constants: OS=macosx, ARCH=aarch64, WS=cocoa, NL=en_US
Command-line arguments:  -clean -nl en_US -configuration /Users/papemayeldiagnethiam/Desktop/FISA INFO 4/Optimisation et Graphes/TPs/CPLEX/.metadata/workspace_oplrun

!ENTRY ilog.odms.ide.opllang.remote 1 0 2024-04-16 22:55:25.973
!MESSAGE Run Configuration1 in /Users/papemayeldiagnethiam/Desktop/FISA INFO 4/Optimisation et Graphes/TPs/CPLEX/shortest-path
!SESSION 2024-04-16 22:58:07.957 -----------------------------------------------
eclipse.buildId=unknown
java.fullversion=18.0.2-ea+9
JRE 18 Mac OS X aarch64-64-Bit 20220818_37 (JIT enabled, AOT enabled)
OpenJ9   - 1d9d16830
OMR      - b58aa2708
JCL      - 8406c39ea29 based on jdk-18.0.2+9
BootLoader constants: OS=macosx, ARCH=aarch64, WS=cocoa, NL=en_US
Command-line arguments:  -clean -nl en_US -configuration /Users/papemayeldiagnethiam/Desktop/FISA INFO 4/Optimisation et Graphes/TPs/CPLEX/.metadata/workspace_oplrun

!ENTRY ilog.odms.ide.opllang.remote 1 0 2024-04-16 22:58:07.957
!MESSAGE Run Configuration1 in /Users/papemayeldiagnethiam/Desktop/FISA INFO 4/Optimisation et Graphes/TPs/CPLEX/shortest-path
!SESSION 2024-04-16 22:58:45.603 -----------------------------------------------
eclipse.buildId=unknown
java.fullversion=18.0.2-ea+9
JRE 18 Mac OS X aarch64-64-Bit 20220818_37 (JIT enabled, AOT enabled)
OpenJ9   - 1d9d16830
OMR      - b58aa2708
JCL      - 8406c39ea29 based on jdk-18.0.2+9
BootLoader constants: OS=macosx, ARCH=aarch64, WS=cocoa, NL=en_US
Command-line arguments:  -clean -nl en_US -configuration /Users/papemayeldiagnethiam/Desktop/FISA INFO 4/Optimisation et Graphes/TPs/CPLEX/.metadata/workspace_oplrun

!ENTRY ilog.odms.ide.opllang.remote 1 0 2024-04-16 22:58:45.603
!MESSAGE Run Configuration1 in /Users/papemayeldiagnethiam/Desktop/FISA INFO 4/Optimisation et Graphes/TPs/CPLEX/shortest-path
!SESSION 2024-04-16 22:59:15.042 -----------------------------------------------
eclipse.buildId=unknown
java.fullversion=18.0.2-ea+9
JRE 18 Mac OS X aarch64-64-Bit 20220818_37 (JIT enabled, AOT enabled)
OpenJ9   - 1d9d16830
OMR      - b58aa2708
JCL      - 8406c39ea29 based on jdk-18.0.2+9
BootLoader constants: OS=macosx, ARCH=aarch64, WS=cocoa, NL=en_US
Command-line arguments:  -clean -nl en_US -configuration /Users/papemayeldiagnethiam/Desktop/FISA INFO 4/Optimisation et Graphes/TPs/CPLEX/.metadata/workspace_oplrun

!ENTRY ilog.odms.ide.opllang.remote 1 0 2024-04-16 22:59:15.042
!MESSAGE Run Configuration1 in /Users/papemayeldiagnethiam/Desktop/FISA INFO 4/Optimisation et Graphes/TPs/CPLEX/shortest-path
!SESSION 2024-04-16 22:59:57.113 -----------------------------------------------
eclipse.buildId=unknown
java.fullversion=18.0.2-ea+9
JRE 18 Mac OS X aarch64-64-Bit 20220818_37 (JIT enabled, AOT enabled)
OpenJ9   - 1d9d16830
OMR      - b58aa2708
JCL      - 8406c39ea29 based on jdk-18.0.2+9
BootLoader constants: OS=macosx, ARCH=aarch64, WS=cocoa, NL=en_US
Command-line arguments:  -clean -nl en_US -configuration /Users/papemayeldiagnethiam/Desktop/FISA INFO 4/Optimisation et Graphes/TPs/CPLEX/.metadata/workspace_oplrun

!ENTRY ilog.odms.ide.opllang.remote 1 0 2024-04-16 22:59:57.113
!MESSAGE Run Configuration1 in /Users/papemayeldiagnethiam/Desktop/FISA INFO 4/Optimisation et Graphes/TPs/CPLEX/shortest-path
!SESSION 2024-04-16 23:09:08.111 -----------------------------------------------
eclipse.buildId=unknown
java.fullversion=18.0.2-ea+9
JRE 18 Mac OS X aarch64-64-Bit 20220818_37 (JIT enabled, AOT enabled)
OpenJ9   - 1d9d16830
OMR      - b58aa2708
JCL      - 8406c39ea29 based on jdk-18.0.2+9
BootLoader constants: OS=macosx, ARCH=aarch64, WS=cocoa, NL=en_US
Command-line arguments:  -clean -nl en_US -configuration /Users/papemayeldiagnethiam/Desktop/FISA INFO 4/Optimisation et Graphes/TPs/CPLEX/.metadata/workspace_oplrun

!ENTRY ilog.odms.ide.opllang.remote 1 0 2024-04-16 23:09:08.111
!MESSAGE Run Configuration1 in /Users/papemayeldiagnethiam/Desktop/FISA INFO 4/Optimisation et Graphes/TPs/CPLEX/shortest-path
!SESSION 2024-04-16 23:10:00.322 -----------------------------------------------
eclipse.buildId=unknown
java.fullversion=18.0.2-ea+9
JRE 18 Mac OS X aarch64-64-Bit 20220818_37 (JIT enabled, AOT enabled)
OpenJ9   - 1d9d16830
OMR      - b58aa2708
JCL      - 8406c39ea29 based on jdk-18.0.2+9
BootLoader constants: OS=macosx, ARCH=aarch64, WS=cocoa, NL=en_US
Command-line arguments:  -clean -nl en_US -configuration /Users/papemayeldiagnethiam/Desktop/FISA INFO 4/Optimisation et Graphes/TPs/CPLEX/.metadata/workspace_oplrun

!ENTRY ilog.odms.ide.opllang.remote 1 0 2024-04-16 23:10:00.322
!MESSAGE Run Configuration1 in /Users/papemayeldiagnethiam/Desktop/FISA INFO 4/Optimisation et Graphes/TPs/CPLEX/shortest-path
!SESSION 2024-04-16 23:10:27.364 -----------------------------------------------
eclipse.buildId=unknown
java.fullversion=18.0.2-ea+9
JRE 18 Mac OS X aarch64-64-Bit 20220818_37 (JIT enabled, AOT enabled)
OpenJ9   - 1d9d16830
OMR      - b58aa2708
JCL      - 8406c39ea29 based on jdk-18.0.2+9
BootLoader constants: OS=macosx, ARCH=aarch64, WS=cocoa, NL=en_US
Command-line arguments:  -clean -nl en_US -configuration /Users/papemayeldiagnethiam/Desktop/FISA INFO 4/Optimisation et Graphes/TPs/CPLEX/.metadata/workspace_oplrun

!ENTRY ilog.odms.ide.opllang.remote 1 0 2024-04-16 23:10:27.364
!MESSAGE Run Configuration1 in /Users/papemayeldiagnethiam/Desktop/FISA INFO 4/Optimisation et Graphes/TPs/CPLEX/shortest-path
!SESSION 2024-04-16 23:11:06.597 -----------------------------------------------
eclipse.buildId=unknown
java.fullversion=18.0.2-ea+9
JRE 18 Mac OS X aarch64-64-Bit 20220818_37 (JIT enabled, AOT enabled)
OpenJ9   - 1d9d16830
OMR      - b58aa2708
JCL      - 8406c39ea29 based on jdk-18.0.2+9
BootLoader constants: OS=macosx, ARCH=aarch64, WS=cocoa, NL=en_US
Command-line arguments:  -clean -nl en_US -configuration /Users/papemayeldiagnethiam/Desktop/FISA INFO 4/Optimisation et Graphes/TPs/CPLEX/.metadata/workspace_oplrun

!ENTRY ilog.odms.ide.opllang.remote 1 0 2024-04-16 23:11:06.597
!MESSAGE Run Configuration1 in /Users/papemayeldiagnethiam/Desktop/FISA INFO 4/Optimisation et Graphes/TPs/CPLEX/shortest-path
!SESSION 2024-04-16 23:11:19.334 -----------------------------------------------
eclipse.buildId=unknown
java.fullversion=18.0.2-ea+9
JRE 18 Mac OS X aarch64-64-Bit 20220818_37 (JIT enabled, AOT enabled)
OpenJ9   - 1d9d16830
OMR      - b58aa2708
JCL      - 8406c39ea29 based on jdk-18.0.2+9
BootLoader constants: OS=macosx, ARCH=aarch64, WS=cocoa, NL=en_US
Command-line arguments:  -clean -nl en_US -configuration /Users/papemayeldiagnethiam/Desktop/FISA INFO 4/Optimisation et Graphes/TPs/CPLEX/.metadata/workspace_oplrun

!ENTRY ilog.odms.ide.opllang.remote 1 0 2024-04-16 23:11:19.334
!MESSAGE Run Configuration1 in /Users/papemayeldiagnethiam/Desktop/FISA INFO 4/Optimisation et Graphes/TPs/CPLEX/shortest-path
!SESSION 2024-04-16 23:12:10.967 -----------------------------------------------
eclipse.buildId=unknown
java.fullversion=18.0.2-ea+9
JRE 18 Mac OS X aarch64-64-Bit 20220818_37 (JIT enabled, AOT enabled)
OpenJ9   - 1d9d16830
OMR      - b58aa2708
JCL      - 8406c39ea29 based on jdk-18.0.2+9
BootLoader constants: OS=macosx, ARCH=aarch64, WS=cocoa, NL=en_US
Command-line arguments:  -clean -nl en_US -configuration /Users/papemayeldiagnethiam/Desktop/FISA INFO 4/Optimisation et Graphes/TPs/CPLEX/.metadata/workspace_oplrun

!ENTRY ilog.odms.ide.opllang.remote 1 0 2024-04-16 23:12:10.968
!MESSAGE Run Configuration1 in /Users/papemayeldiagnethiam/Desktop/FISA INFO 4/Optimisation et Graphes/TPs/CPLEX/shortest-path
!SESSION 2024-04-16 23:13:51.930 -----------------------------------------------
eclipse.buildId=unknown
java.fullversion=18.0.2-ea+9
JRE 18 Mac OS X aarch64-64-Bit 20220818_37 (JIT enabled, AOT enabled)
OpenJ9   - 1d9d16830
OMR      - b58aa2708
JCL      - 8406c39ea29 based on jdk-18.0.2+9
BootLoader constants: OS=macosx, ARCH=aarch64, WS=cocoa, NL=en_US
Command-line arguments:  -clean -nl en_US -configuration /Users/papemayeldiagnethiam/Desktop/FISA INFO 4/Optimisation et Graphes/TPs/CPLEX/.metadata/workspace_oplrun

!ENTRY ilog.odms.ide.opllang.remote 1 0 2024-04-16 23:13:51.930
!MESSAGE Run Configuration1 in /Users/papemayeldiagnethiam/Desktop/FISA INFO 4/Optimisation et Graphes/TPs/CPLEX/shortest-path
!SESSION 2024-04-16 23:14:05.281 -----------------------------------------------
eclipse.buildId=unknown
java.fullversion=18.0.2-ea+9
JRE 18 Mac OS X aarch64-64-Bit 20220818_37 (JIT enabled, AOT enabled)
OpenJ9   - 1d9d16830
OMR      - b58aa2708
JCL      - 8406c39ea29 based on jdk-18.0.2+9
BootLoader constants: OS=macosx, ARCH=aarch64, WS=cocoa, NL=en_US
Command-line arguments:  -clean -nl en_US -configuration /Users/papemayeldiagnethiam/Desktop/FISA INFO 4/Optimisation et Graphes/TPs/CPLEX/.metadata/workspace_oplrun

!ENTRY ilog.odms.ide.opllang.remote 1 0 2024-04-16 23:14:05.281
!MESSAGE Run Configuration1 in /Users/papemayeldiagnethiam/Desktop/FISA INFO 4/Optimisation et Graphes/TPs/CPLEX/shortest-path
!SESSION 2024-04-16 23:17:14.622 -----------------------------------------------
eclipse.buildId=unknown
java.fullversion=18.0.2-ea+9
JRE 18 Mac OS X aarch64-64-Bit 20220818_37 (JIT enabled, AOT enabled)
OpenJ9   - 1d9d16830
OMR      - b58aa2708
JCL      - 8406c39ea29 based on jdk-18.0.2+9
BootLoader constants: OS=macosx, ARCH=aarch64, WS=cocoa, NL=en_US
Command-line arguments:  -clean -nl en_US -configuration /Users/papemayeldiagnethiam/Desktop/FISA INFO 4/Optimisation et Graphes/TPs/CPLEX/.metadata/workspace_oplrun

!ENTRY ilog.odms.ide.opllang.remote 1 0 2024-04-16 23:17:14.622
!MESSAGE Run Configuration1 in /Users/papemayeldiagnethiam/Desktop/FISA INFO 4/Optimisation et Graphes/TPs/CPLEX/shortest-path
!SESSION 2024-04-16 23:22:13.253 -----------------------------------------------
eclipse.buildId=unknown
java.fullversion=18.0.2-ea+9
JRE 18 Mac OS X aarch64-64-Bit 20220818_37 (JIT enabled, AOT enabled)
OpenJ9   - 1d9d16830
OMR      - b58aa2708
JCL      - 8406c39ea29 based on jdk-18.0.2+9
BootLoader constants: OS=macosx, ARCH=aarch64, WS=cocoa, NL=en_US
Command-line arguments:  -clean -nl en_US -configuration /Users/papemayeldiagnethiam/Desktop/FISA INFO 4/Optimisation et Graphes/TPs/CPLEX/.metadata/workspace_oplrun

!ENTRY ilog.odms.ide.opllang.remote 1 0 2024-04-16 23:22:13.253
!MESSAGE Run Configuration1 in /Users/papemayeldiagnethiam/Desktop/FISA INFO 4/Optimisation et Graphes/TPs/CPLEX/shortest-path

!ENTRY ilog.odms.ide.opllang.remote 4 0 2024-04-16 23:22:13.318
!MESSAGE load failed
!STACK 1
org.eclipse.core.runtime.CoreException: load failed
	at ilog.odms.ide.opllang.remote.IloOplRunConfigRunner.doSetUpModel(IloOplRunConfigRunner.java:146)
	at ilog.odms.ide.opllang.remote.IloOplRunConfigRunner.doRun(IloOplRunConfigRunner.java:374)
	at ilog.odms.ide.opllang.run.IloAbstractRunShell$2.run(IloAbstractRunShell.java:1605)
	at org.eclipse.core.internal.jobs.Worker.run(Worker.java:63)
Caused by: ilog.concert.IloException: Impossible to load model.
	at ilog.opl.opl_lang_wrapJNI.IloOplRunConfiguration_getCppOplModel(Native Method)
	at ilog.opl.IloOplRunConfiguration.getCppOplModel(IloOplRunConfiguration.java:240)
	at ilog.opl.IloOplRunConfiguration.getOplModel(IloOplRunConfiguration.java:139)
	at ilog.odms.ide.opllang.remote.IloOplRunConfigRunner.doSetUpModel(IloOplRunConfigRunner.java:140)
	... 3 more
!SUBENTRY 1 ilog.odms.ide.opllang.remote 4 0 2024-04-16 23:22:13.318
!MESSAGE load failed
!STACK 0
ilog.concert.IloException: Impossible to load model.
	at ilog.opl.opl_lang_wrapJNI.IloOplRunConfiguration_getCppOplModel(Native Method)
	at ilog.opl.IloOplRunConfiguration.getCppOplModel(IloOplRunConfiguration.java:240)
	at ilog.opl.IloOplRunConfiguration.getOplModel(IloOplRunConfiguration.java:139)
	at ilog.odms.ide.opllang.remote.IloOplRunConfigRunner.doSetUpModel(IloOplRunConfigRunner.java:140)
	at ilog.odms.ide.opllang.remote.IloOplRunConfigRunner.doRun(IloOplRunConfigRunner.java:374)
	at ilog.odms.ide.opllang.run.IloAbstractRunShell$2.run(IloAbstractRunShell.java:1605)
	at org.eclipse.core.internal.jobs.Worker.run(Worker.java:63)
!SESSION 2024-04-16 23:22:54.179 -----------------------------------------------
eclipse.buildId=unknown
java.fullversion=18.0.2-ea+9
JRE 18 Mac OS X aarch64-64-Bit 20220818_37 (JIT enabled, AOT enabled)
OpenJ9   - 1d9d16830
OMR      - b58aa2708
JCL      - 8406c39ea29 based on jdk-18.0.2+9
BootLoader constants: OS=macosx, ARCH=aarch64, WS=cocoa, NL=en_US
Command-line arguments:  -clean -nl en_US -configuration /Users/papemayeldiagnethiam/Desktop/FISA INFO 4/Optimisation et Graphes/TPs/CPLEX/.metadata/workspace_oplrun

!ENTRY ilog.odms.ide.opllang.remote 1 0 2024-04-16 23:22:54.179
!MESSAGE Run Configuration1 in /Users/papemayeldiagnethiam/Desktop/FISA INFO 4/Optimisation et Graphes/TPs/CPLEX/shortest-path

!ENTRY ilog.odms.ide.opllang.remote 4 0 2024-04-16 23:22:54.205
!MESSAGE load failed
!STACK 1
org.eclipse.core.runtime.CoreException: load failed
	at ilog.odms.ide.opllang.remote.IloOplRunConfigRunner.doSetUpModel(IloOplRunConfigRunner.java:146)
	at ilog.odms.ide.opllang.remote.IloOplRunConfigRunner.doRun(IloOplRunConfigRunner.java:374)
	at ilog.odms.ide.opllang.run.IloAbstractRunShell$2.run(IloAbstractRunShell.java:1605)
	at org.eclipse.core.internal.jobs.Worker.run(Worker.java:63)
Caused by: ilog.concert.IloException: Impossible to load model.
	at ilog.opl.opl_lang_wrapJNI.IloOplRunConfiguration_getCppOplModel(Native Method)
	at ilog.opl.IloOplRunConfiguration.getCppOplModel(IloOplRunConfiguration.java:240)
	at ilog.opl.IloOplRunConfiguration.getOplModel(IloOplRunConfiguration.java:139)
	at ilog.odms.ide.opllang.remote.IloOplRunConfigRunner.doSetUpModel(IloOplRunConfigRunner.java:140)
	... 3 more
!SUBENTRY 1 ilog.odms.ide.opllang.remote 4 0 2024-04-16 23:22:54.206
!MESSAGE load failed
!STACK 0
ilog.concert.IloException: Impossible to load model.
	at ilog.opl.opl_lang_wrapJNI.IloOplRunConfiguration_getCppOplModel(Native Method)
	at ilog.opl.IloOplRunConfiguration.getCppOplModel(IloOplRunConfiguration.java:240)
	at ilog.opl.IloOplRunConfiguration.getOplModel(IloOplRunConfiguration.java:139)
	at ilog.odms.ide.opllang.remote.IloOplRunConfigRunner.doSetUpModel(IloOplRunConfigRunner.java:140)
	at ilog.odms.ide.opllang.remote.IloOplRunConfigRunner.doRun(IloOplRunConfigRunner.java:374)
	at ilog.odms.ide.opllang.run.IloAbstractRunShell$2.run(IloAbstractRunShell.java:1605)
	at org.eclipse.core.internal.jobs.Worker.run(Worker.java:63)
!SESSION 2024-04-16 23:23:47.643 -----------------------------------------------
eclipse.buildId=unknown
java.fullversion=18.0.2-ea+9
JRE 18 Mac OS X aarch64-64-Bit 20220818_37 (JIT enabled, AOT enabled)
OpenJ9   - 1d9d16830
OMR      - b58aa2708
JCL      - 8406c39ea29 based on jdk-18.0.2+9
BootLoader constants: OS=macosx, ARCH=aarch64, WS=cocoa, NL=en_US
Command-line arguments:  -clean -nl en_US -configuration /Users/papemayeldiagnethiam/Desktop/FISA INFO 4/Optimisation et Graphes/TPs/CPLEX/.metadata/workspace_oplrun

!ENTRY ilog.odms.ide.opllang.remote 1 0 2024-04-16 23:23:47.643
!MESSAGE Run Configuration1 in /Users/papemayeldiagnethiam/Desktop/FISA INFO 4/Optimisation et Graphes/TPs/CPLEX/shortest-path
!SESSION 2024-04-16 23:29:47.656 -----------------------------------------------
eclipse.buildId=unknown
java.fullversion=18.0.2-ea+9
JRE 18 Mac OS X aarch64-64-Bit 20220818_37 (JIT enabled, AOT enabled)
OpenJ9   - 1d9d16830
OMR      - b58aa2708
JCL      - 8406c39ea29 based on jdk-18.0.2+9
BootLoader constants: OS=macosx, ARCH=aarch64, WS=cocoa, NL=en_US
Command-line arguments:  -clean -nl en_US -configuration /Users/papemayeldiagnethiam/Desktop/FISA INFO 4/Optimisation et Graphes/TPs/CPLEX/.metadata/workspace_oplrun

!ENTRY ilog.odms.ide.opllang.remote 1 0 2024-04-16 23:29:47.656
!MESSAGE Run Configuration1 in /Users/papemayeldiagnethiam/Desktop/FISA INFO 4/Optimisation et Graphes/TPs/CPLEX/shortest-path

!ENTRY ilog.odms.ide.opllang.remote 4 0 2024-04-16 23:29:47.718
!MESSAGE load failed
!STACK 1
org.eclipse.core.runtime.CoreException: load failed
	at ilog.odms.ide.opllang.remote.IloOplRunConfigRunner.doSetUpModel(IloOplRunConfigRunner.java:146)
	at ilog.odms.ide.opllang.remote.IloOplRunConfigRunner.doRun(IloOplRunConfigRunner.java:374)
	at ilog.odms.ide.opllang.run.IloAbstractRunShell$2.run(IloAbstractRunShell.java:1605)
	at org.eclipse.core.internal.jobs.Worker.run(Worker.java:63)
Caused by: ilog.concert.IloException: Impossible to load model.
	at ilog.opl.opl_lang_wrapJNI.IloOplRunConfiguration_getCppOplModel(Native Method)
	at ilog.opl.IloOplRunConfiguration.getCppOplModel(IloOplRunConfiguration.java:240)
	at ilog.opl.IloOplRunConfiguration.getOplModel(IloOplRunConfiguration.java:139)
	at ilog.odms.ide.opllang.remote.IloOplRunConfigRunner.doSetUpModel(IloOplRunConfigRunner.java:140)
	... 3 more
!SUBENTRY 1 ilog.odms.ide.opllang.remote 4 0 2024-04-16 23:29:47.718
!MESSAGE load failed
!STACK 0
ilog.concert.IloException: Impossible to load model.
	at ilog.opl.opl_lang_wrapJNI.IloOplRunConfiguration_getCppOplModel(Native Method)
	at ilog.opl.IloOplRunConfiguration.getCppOplModel(IloOplRunConfiguration.java:240)
	at ilog.opl.IloOplRunConfiguration.getOplModel(IloOplRunConfiguration.java:139)
	at ilog.odms.ide.opllang.remote.IloOplRunConfigRunner.doSetUpModel(IloOplRunConfigRunner.java:140)
	at ilog.odms.ide.opllang.remote.IloOplRunConfigRunner.doRun(IloOplRunConfigRunner.java:374)
	at ilog.odms.ide.opllang.run.IloAbstractRunShell$2.run(IloAbstractRunShell.java:1605)
	at org.eclipse.core.internal.jobs.Worker.run(Worker.java:63)
!SESSION 2024-04-16 23:30:07.837 -----------------------------------------------
eclipse.buildId=unknown
java.fullversion=18.0.2-ea+9
JRE 18 Mac OS X aarch64-64-Bit 20220818_37 (JIT enabled, AOT enabled)
OpenJ9   - 1d9d16830
OMR      - b58aa2708
JCL      - 8406c39ea29 based on jdk-18.0.2+9
BootLoader constants: OS=macosx, ARCH=aarch64, WS=cocoa, NL=en_US
Command-line arguments:  -clean -nl en_US -configuration /Users/papemayeldiagnethiam/Desktop/FISA INFO 4/Optimisation et Graphes/TPs/CPLEX/.metadata/workspace_oplrun

!ENTRY ilog.odms.ide.opllang.remote 1 0 2024-04-16 23:30:07.837
!MESSAGE Run Configuration1 in /Users/papemayeldiagnethiam/Desktop/FISA INFO 4/Optimisation et Graphes/TPs/CPLEX/shortest-path

!ENTRY ilog.odms.ide.opllang.remote 4 0 2024-04-16 23:30:07.864
!MESSAGE load failed
!STACK 1
org.eclipse.core.runtime.CoreException: load failed
	at ilog.odms.ide.opllang.remote.IloOplRunConfigRunner.doSetUpModel(IloOplRunConfigRunner.java:146)
	at ilog.odms.ide.opllang.remote.IloOplRunConfigRunner.doRun(IloOplRunConfigRunner.java:374)
	at ilog.odms.ide.opllang.run.IloAbstractRunShell$2.run(IloAbstractRunShell.java:1605)
	at org.eclipse.core.internal.jobs.Worker.run(Worker.java:63)
Caused by: ilog.concert.IloException: Impossible to load model.
	at ilog.opl.opl_lang_wrapJNI.IloOplRunConfiguration_getCppOplModel(Native Method)
	at ilog.opl.IloOplRunConfiguration.getCppOplModel(IloOplRunConfiguration.java:240)
	at ilog.opl.IloOplRunConfiguration.getOplModel(IloOplRunConfiguration.java:139)
	at ilog.odms.ide.opllang.remote.IloOplRunConfigRunner.doSetUpModel(IloOplRunConfigRunner.java:140)
	... 3 more
!SUBENTRY 1 ilog.odms.ide.opllang.remote 4 0 2024-04-16 23:30:07.865
!MESSAGE load failed
!STACK 0
ilog.concert.IloException: Impossible to load model.
	at ilog.opl.opl_lang_wrapJNI.IloOplRunConfiguration_getCppOplModel(Native Method)
	at ilog.opl.IloOplRunConfiguration.getCppOplModel(IloOplRunConfiguration.java:240)
	at ilog.opl.IloOplRunConfiguration.getOplModel(IloOplRunConfiguration.java:139)
	at ilog.odms.ide.opllang.remote.IloOplRunConfigRunner.doSetUpModel(IloOplRunConfigRunner.java:140)
	at ilog.odms.ide.opllang.remote.IloOplRunConfigRunner.doRun(IloOplRunConfigRunner.java:374)
	at ilog.odms.ide.opllang.run.IloAbstractRunShell$2.run(IloAbstractRunShell.java:1605)
	at org.eclipse.core.internal.jobs.Worker.run(Worker.java:63)
!SESSION 2024-04-16 23:30:24.486 -----------------------------------------------
eclipse.buildId=unknown
java.fullversion=18.0.2-ea+9
JRE 18 Mac OS X aarch64-64-Bit 20220818_37 (JIT enabled, AOT enabled)
OpenJ9   - 1d9d16830
OMR      - b58aa2708
JCL      - 8406c39ea29 based on jdk-18.0.2+9
BootLoader constants: OS=macosx, ARCH=aarch64, WS=cocoa, NL=en_US
Command-line arguments:  -clean -nl en_US -configuration /Users/papemayeldiagnethiam/Desktop/FISA INFO 4/Optimisation et Graphes/TPs/CPLEX/.metadata/workspace_oplrun

!ENTRY ilog.odms.ide.opllang.remote 1 0 2024-04-16 23:30:24.486
!MESSAGE Run Configuration1 in /Users/papemayeldiagnethiam/Desktop/FISA INFO 4/Optimisation et Graphes/TPs/CPLEX/shortest-path

!ENTRY ilog.odms.ide.opllang.remote 4 0 2024-04-16 23:30:24.521
!MESSAGE load failed
!STACK 1
org.eclipse.core.runtime.CoreException: load failed
	at ilog.odms.ide.opllang.remote.IloOplRunConfigRunner.doSetUpModel(IloOplRunConfigRunner.java:146)
	at ilog.odms.ide.opllang.remote.IloOplRunConfigRunner.doRun(IloOplRunConfigRunner.java:374)
	at ilog.odms.ide.opllang.run.IloAbstractRunShell$2.run(IloAbstractRunShell.java:1605)
	at org.eclipse.core.internal.jobs.Worker.run(Worker.java:63)
Caused by: ilog.concert.IloException: Impossible to load model.
	at ilog.opl.opl_lang_wrapJNI.IloOplRunConfiguration_getCppOplModel(Native Method)
	at ilog.opl.IloOplRunConfiguration.getCppOplModel(IloOplRunConfiguration.java:240)
	at ilog.opl.IloOplRunConfiguration.getOplModel(IloOplRunConfiguration.java:139)
	at ilog.odms.ide.opllang.remote.IloOplRunConfigRunner.doSetUpModel(IloOplRunConfigRunner.java:140)
	... 3 more
!SUBENTRY 1 ilog.odms.ide.opllang.remote 4 0 2024-04-16 23:30:24.521
!MESSAGE load failed
!STACK 0
ilog.concert.IloException: Impossible to load model.
	at ilog.opl.opl_lang_wrapJNI.IloOplRunConfiguration_getCppOplModel(Native Method)
	at ilog.opl.IloOplRunConfiguration.getCppOplModel(IloOplRunConfiguration.java:240)
	at ilog.opl.IloOplRunConfiguration.getOplModel(IloOplRunConfiguration.java:139)
	at ilog.odms.ide.opllang.remote.IloOplRunConfigRunner.doSetUpModel(IloOplRunConfigRunner.java:140)
	at ilog.odms.ide.opllang.remote.IloOplRunConfigRunner.doRun(IloOplRunConfigRunner.java:374)
	at ilog.odms.ide.opllang.run.IloAbstractRunShell$2.run(IloAbstractRunShell.java:1605)
	at org.eclipse.core.internal.jobs.Worker.run(Worker.java:63)
!SESSION 2024-04-16 23:35:08.543 -----------------------------------------------
eclipse.buildId=unknown
java.fullversion=18.0.2-ea+9
JRE 18 Mac OS X aarch64-64-Bit 20220818_37 (JIT enabled, AOT enabled)
OpenJ9   - 1d9d16830
OMR      - b58aa2708
JCL      - 8406c39ea29 based on jdk-18.0.2+9
BootLoader constants: OS=macosx, ARCH=aarch64, WS=cocoa, NL=en_US
Command-line arguments:  -clean -nl en_US -configuration /Users/papemayeldiagnethiam/Desktop/FISA INFO 4/Optimisation et Graphes/TPs/CPLEX/.metadata/workspace_oplrun

!ENTRY ilog.odms.ide.opllang.remote 1 0 2024-04-16 23:35:08.543
!MESSAGE Run Configuration1 in /Users/papemayeldiagnethiam/Desktop/FISA INFO 4/Optimisation et Graphes/TPs/CPLEX/shortest-path
!SESSION 2024-04-16 23:35:24.603 -----------------------------------------------
eclipse.buildId=unknown
java.fullversion=18.0.2-ea+9
JRE 18 Mac OS X aarch64-64-Bit 20220818_37 (JIT enabled, AOT enabled)
OpenJ9   - 1d9d16830
OMR      - b58aa2708
JCL      - 8406c39ea29 based on jdk-18.0.2+9
BootLoader constants: OS=macosx, ARCH=aarch64, WS=cocoa, NL=en_US
Command-line arguments:  -clean -nl en_US -configuration /Users/papemayeldiagnethiam/Desktop/FISA INFO 4/Optimisation et Graphes/TPs/CPLEX/.metadata/workspace_oplrun

!ENTRY ilog.odms.ide.opllang.remote 1 0 2024-04-16 23:35:24.603
!MESSAGE Run Configuration1 in /Users/papemayeldiagnethiam/Desktop/FISA INFO 4/Optimisation et Graphes/TPs/CPLEX/shortest-path

!ENTRY ilog.odms.ide.opllang.remote 4 0 2024-04-16 23:35:24.712
!MESSAGE Processing failed.
!STACK 0
ilog.concert.IloException: Processing failed.
	at ilog.opl.opl_lang_wrapJNI.IloOplModel_postProcess(Native Method)
	at ilog.opl.IloOplModel.postProcess(IloOplModel.java:747)
	at ilog.odms.ide.opllang.run.IloAbstractRunShell.postProcess(IloAbstractRunShell.java:1968)
	at ilog.odms.ide.opllang.run.IloAbstractRunShell.sendSolution(IloAbstractRunShell.java:1826)
	at ilog.odms.ide.opllang.run.IloAbstractRunShell.processSolution(IloAbstractRunShell.java:1880)
	at ilog.odms.ide.opllang.remote.IloOplRunConfigRunner.doProcessModel(IloOplRunConfigRunner.java:165)
	at ilog.odms.ide.opllang.remote.IloOplRunConfigRunner.doRun(IloOplRunConfigRunner.java:377)
	at ilog.odms.ide.opllang.run.IloAbstractRunShell$2.run(IloAbstractRunShell.java:1605)
	at org.eclipse.core.internal.jobs.Worker.run(Worker.java:63)
!SESSION 2024-04-16 23:36:02.514 -----------------------------------------------
eclipse.buildId=unknown
java.fullversion=18.0.2-ea+9
JRE 18 Mac OS X aarch64-64-Bit 20220818_37 (JIT enabled, AOT enabled)
OpenJ9   - 1d9d16830
OMR      - b58aa2708
JCL      - 8406c39ea29 based on jdk-18.0.2+9
BootLoader constants: OS=macosx, ARCH=aarch64, WS=cocoa, NL=en_US
Command-line arguments:  -clean -nl en_US -configuration /Users/papemayeldiagnethiam/Desktop/FISA INFO 4/Optimisation et Graphes/TPs/CPLEX/.metadata/workspace_oplrun

!ENTRY ilog.odms.ide.opllang.remote 1 0 2024-04-16 23:36:02.515
!MESSAGE Run Configuration1 in /Users/papemayeldiagnethiam/Desktop/FISA INFO 4/Optimisation et Graphes/TPs/CPLEX/shortest-path
!SESSION 2024-04-16 23:36:34.175 -----------------------------------------------
eclipse.buildId=unknown
java.fullversion=18.0.2-ea+9
JRE 18 Mac OS X aarch64-64-Bit 20220818_37 (JIT enabled, AOT enabled)
OpenJ9   - 1d9d16830
OMR      - b58aa2708
JCL      - 8406c39ea29 based on jdk-18.0.2+9
BootLoader constants: OS=macosx, ARCH=aarch64, WS=cocoa, NL=en_US
Command-line arguments:  -clean -nl en_US -configuration /Users/papemayeldiagnethiam/Desktop/FISA INFO 4/Optimisation et Graphes/TPs/CPLEX/.metadata/workspace_oplrun

!ENTRY ilog.odms.ide.opllang.remote 1 0 2024-04-16 23:36:34.175
!MESSAGE Run Configuration1 in /Users/papemayeldiagnethiam/Desktop/FISA INFO 4/Optimisation et Graphes/TPs/CPLEX/shortest-path
!SESSION 2024-04-16 23:38:59.360 -----------------------------------------------
eclipse.buildId=unknown
java.fullversion=18.0.2-ea+9
JRE 18 Mac OS X aarch64-64-Bit 20220818_37 (JIT enabled, AOT enabled)
OpenJ9   - 1d9d16830
OMR      - b58aa2708
JCL      - 8406c39ea29 based on jdk-18.0.2+9
BootLoader constants: OS=macosx, ARCH=aarch64, WS=cocoa, NL=en_US
Command-line arguments:  -clean -nl en_US -configuration /Users/papemayeldiagnethiam/Desktop/FISA INFO 4/Optimisation et Graphes/TPs/CPLEX/.metadata/workspace_oplrun

!ENTRY ilog.odms.ide.opllang.remote 1 0 2024-04-16 23:38:59.360
!MESSAGE Run Configuration1 in /Users/papemayeldiagnethiam/Desktop/FISA INFO 4/Optimisation et Graphes/TPs/CPLEX/shortest-path
!SESSION 2024-04-16 23:40:23.460 -----------------------------------------------
eclipse.buildId=unknown
java.fullversion=18.0.2-ea+9
JRE 18 Mac OS X aarch64-64-Bit 20220818_37 (JIT enabled, AOT enabled)
OpenJ9   - 1d9d16830
OMR      - b58aa2708
JCL      - 8406c39ea29 based on jdk-18.0.2+9
BootLoader constants: OS=macosx, ARCH=aarch64, WS=cocoa, NL=en_US
Command-line arguments:  -clean -nl en_US -configuration /Users/papemayeldiagnethiam/Desktop/FISA INFO 4/Optimisation et Graphes/TPs/CPLEX/.metadata/workspace_oplrun

!ENTRY ilog.odms.ide.opllang.remote 1 0 2024-04-16 23:40:23.460
!MESSAGE Run Configuration1 in /Users/papemayeldiagnethiam/Desktop/FISA INFO 4/Optimisation et Graphes/TPs/CPLEX/shortest-path
!SESSION 2024-04-16 23:46:10.171 -----------------------------------------------
eclipse.buildId=unknown
java.fullversion=18.0.2-ea+9
JRE 18 Mac OS X aarch64-64-Bit 20220818_37 (JIT enabled, AOT enabled)
OpenJ9   - 1d9d16830
OMR      - b58aa2708
JCL      - 8406c39ea29 based on jdk-18.0.2+9
BootLoader constants: OS=macosx, ARCH=aarch64, WS=cocoa, NL=en_US
Command-line arguments:  -clean -nl en_US -configuration /Users/papemayeldiagnethiam/Desktop/FISA INFO 4/Optimisation et Graphes/TPs/CPLEX/.metadata/workspace_oplrun

!ENTRY ilog.odms.ide.opllang.remote 1 0 2024-04-16 23:46:10.171
!MESSAGE Run Configuration1 in /Users/papemayeldiagnethiam/Desktop/FISA INFO 4/Optimisation et Graphes/TPs/CPLEX/shortest-path
!SESSION 2024-04-16 23:48:28.386 -----------------------------------------------
eclipse.buildId=unknown
java.fullversion=18.0.2-ea+9
JRE 18 Mac OS X aarch64-64-Bit 20220818_37 (JIT enabled, AOT enabled)
OpenJ9   - 1d9d16830
OMR      - b58aa2708
JCL      - 8406c39ea29 based on jdk-18.0.2+9
BootLoader constants: OS=macosx, ARCH=aarch64, WS=cocoa, NL=en_US
Command-line arguments:  -clean -nl en_US -configuration /Users/papemayeldiagnethiam/Desktop/FISA INFO 4/Optimisation et Graphes/TPs/CPLEX/.metadata/workspace_oplrun

!ENTRY ilog.odms.ide.opllang.remote 1 0 2024-04-16 23:48:28.386
!MESSAGE Run Configuration1 in /Users/papemayeldiagnethiam/Desktop/FISA INFO 4/Optimisation et Graphes/TPs/CPLEX/shortest-path
!SESSION 2024-04-17 00:57:12.250 -----------------------------------------------
eclipse.buildId=unknown
java.fullversion=18.0.2-ea+9
JRE 18 Mac OS X aarch64-64-Bit 20220818_37 (JIT enabled, AOT enabled)
OpenJ9   - 1d9d16830
OMR      - b58aa2708
JCL      - 8406c39ea29 based on jdk-18.0.2+9
BootLoader constants: OS=macosx, ARCH=aarch64, WS=cocoa, NL=en_US
Command-line arguments:  -clean -nl en_US -configuration /Users/papemayeldiagnethiam/Desktop/FISA INFO 4/Optimisation et Graphes/TPs/CPLEX/.metadata/workspace_oplrun

!ENTRY ilog.odms.ide.opllang.remote 1 0 2024-04-17 00:57:12.251
!MESSAGE Run Configuration1 in /Users/papemayeldiagnethiam/Desktop/FISA INFO 4/Optimisation et Graphes/TPs/CPLEX/shortest-path

!ENTRY ilog.odms.ide.opllang.remote 4 0 2024-04-17 00:57:12.349
!MESSAGE run failed
!STACK 0
ilog.concert.IloException: Processing failed.
	at ilog.opl.opl_lang_wrapJNI.IloOplModel_getModel(Native Method)
	at ilog.opl.IloOplModel.getModel(IloOplModel.java:633)
	at ilog.odms.ide.opllang.run.IloAbstractRunShell.loadModel(IloAbstractRunShell.java:1215)
	at ilog.odms.ide.opllang.remote.IloOplRunConfigRunner.doProcessModel(IloOplRunConfigRunner.java:156)
	at ilog.odms.ide.opllang.remote.IloOplRunConfigRunner.doRun(IloOplRunConfigRunner.java:377)
	at ilog.odms.ide.opllang.run.IloAbstractRunShell$2.run(IloAbstractRunShell.java:1605)
	at org.eclipse.core.internal.jobs.Worker.run(Worker.java:63)
!SESSION 2024-04-17 00:58:10.285 -----------------------------------------------
eclipse.buildId=unknown
java.fullversion=18.0.2-ea+9
JRE 18 Mac OS X aarch64-64-Bit 20220818_37 (JIT enabled, AOT enabled)
OpenJ9   - 1d9d16830
OMR      - b58aa2708
JCL      - 8406c39ea29 based on jdk-18.0.2+9
BootLoader constants: OS=macosx, ARCH=aarch64, WS=cocoa, NL=en_US
Command-line arguments:  -clean -nl en_US -configuration /Users/papemayeldiagnethiam/Desktop/FISA INFO 4/Optimisation et Graphes/TPs/CPLEX/.metadata/workspace_oplrun

!ENTRY ilog.odms.ide.opllang.remote 1 0 2024-04-17 00:58:10.286
!MESSAGE Run Configuration1 in /Users/papemayeldiagnethiam/Desktop/FISA INFO 4/Optimisation et Graphes/TPs/CPLEX/shortest-path
!SESSION 2024-04-17 00:59:48.916 -----------------------------------------------
eclipse.buildId=unknown
java.fullversion=18.0.2-ea+9
JRE 18 Mac OS X aarch64-64-Bit 20220818_37 (JIT enabled, AOT enabled)
OpenJ9   - 1d9d16830
OMR      - b58aa2708
JCL      - 8406c39ea29 based on jdk-18.0.2+9
BootLoader constants: OS=macosx, ARCH=aarch64, WS=cocoa, NL=en_US
Command-line arguments:  -clean -nl en_US -configuration /Users/papemayeldiagnethiam/Desktop/FISA INFO 4/Optimisation et Graphes/TPs/CPLEX/.metadata/workspace_oplrun

!ENTRY ilog.odms.ide.opllang.remote 1 0 2024-04-17 00:59:48.917
!MESSAGE Run Configuration1 in /Users/papemayeldiagnethiam/Desktop/FISA INFO 4/Optimisation et Graphes/TPs/CPLEX/shortest-path
!SESSION 2024-04-17 01:01:05.447 -----------------------------------------------
eclipse.buildId=unknown
java.fullversion=18.0.2-ea+9
JRE 18 Mac OS X aarch64-64-Bit 20220818_37 (JIT enabled, AOT enabled)
OpenJ9   - 1d9d16830
OMR      - b58aa2708
JCL      - 8406c39ea29 based on jdk-18.0.2+9
BootLoader constants: OS=macosx, ARCH=aarch64, WS=cocoa, NL=en_US
Command-line arguments:  -clean -nl en_US -configuration /Users/papemayeldiagnethiam/Desktop/FISA INFO 4/Optimisation et Graphes/TPs/CPLEX/.metadata/workspace_oplrun

!ENTRY ilog.odms.ide.opllang.remote 1 0 2024-04-17 01:01:05.448
!MESSAGE Run Configuration1 in /Users/papemayeldiagnethiam/Desktop/FISA INFO 4/Optimisation et Graphes/TPs/CPLEX/shortest-path
!SESSION 2024-04-17 01:01:33.946 -----------------------------------------------
eclipse.buildId=unknown
java.fullversion=18.0.2-ea+9
JRE 18 Mac OS X aarch64-64-Bit 20220818_37 (JIT enabled, AOT enabled)
OpenJ9   - 1d9d16830
OMR      - b58aa2708
JCL      - 8406c39ea29 based on jdk-18.0.2+9
BootLoader constants: OS=macosx, ARCH=aarch64, WS=cocoa, NL=en_US
Command-line arguments:  -clean -nl en_US -configuration /Users/papemayeldiagnethiam/Desktop/FISA INFO 4/Optimisation et Graphes/TPs/CPLEX/.metadata/workspace_oplrun

!ENTRY ilog.odms.ide.opllang.remote 1 0 2024-04-17 01:01:33.946
!MESSAGE Run Configuration1 in /Users/papemayeldiagnethiam/Desktop/FISA INFO 4/Optimisation et Graphes/TPs/CPLEX/shortest-path
!SESSION 2024-04-17 01:09:41.024 -----------------------------------------------
eclipse.buildId=unknown
java.fullversion=18.0.2-ea+9
JRE 18 Mac OS X aarch64-64-Bit 20220818_37 (JIT enabled, AOT enabled)
OpenJ9   - 1d9d16830
OMR      - b58aa2708
JCL      - 8406c39ea29 based on jdk-18.0.2+9
BootLoader constants: OS=macosx, ARCH=aarch64, WS=cocoa, NL=en_US
Command-line arguments:  -clean -nl en_US -configuration /Users/papemayeldiagnethiam/Desktop/FISA INFO 4/Optimisation et Graphes/TPs/CPLEX/.metadata/workspace_oplrun

!ENTRY ilog.odms.ide.opllang.remote 1 0 2024-04-17 01:09:41.025
!MESSAGE Run Configuration1 in /Users/papemayeldiagnethiam/Desktop/FISA INFO 4/Optimisation et Graphes/TPs/CPLEX/shortest-path
!SESSION 2024-04-18 23:42:02.029 -----------------------------------------------
eclipse.buildId=unknown
java.fullversion=18.0.2-ea+9
JRE 18 Mac OS X aarch64-64-Bit 20220818_37 (JIT enabled, AOT enabled)
OpenJ9   - 1d9d16830
OMR      - b58aa2708
JCL      - 8406c39ea29 based on jdk-18.0.2+9
BootLoader constants: OS=macosx, ARCH=aarch64, WS=cocoa, NL=en_US
Command-line arguments:  -clean -nl en_US -configuration /Users/papemayeldiagnethiam/Desktop/FISA INFO 4/Optimisation et Graphes/TPs/CPLEX/.metadata/workspace_oplrun

!ENTRY ilog.odms.ide.opllang.remote 1 0 2024-04-18 23:42:02.029
!MESSAGE Run Configuration1 in /Users/papemayeldiagnethiam/Desktop/FISA INFO 4/Optimisation et Graphes/TPs/CPLEX/shortest-path
!SESSION 2024-04-19 00:09:13.827 -----------------------------------------------
eclipse.buildId=unknown
java.fullversion=18.0.2-ea+9
JRE 18 Mac OS X aarch64-64-Bit 20220818_37 (JIT enabled, AOT enabled)
OpenJ9   - 1d9d16830
OMR      - b58aa2708
JCL      - 8406c39ea29 based on jdk-18.0.2+9
BootLoader constants: OS=macosx, ARCH=aarch64, WS=cocoa, NL=en_US
Command-line arguments:  -clean -nl en_US -configuration /Users/papemayeldiagnethiam/Desktop/FISA INFO 4/Optimisation et Graphes/TPs/CPLEX/.metadata/workspace_oplrun

!ENTRY ilog.odms.ide.opllang.remote 1 0 2024-04-19 00:09:13.827
!MESSAGE Run Configuration1 in /Users/papemayeldiagnethiam/Desktop/FISA INFO 4/Optimisation et Graphes/TPs/CPLEX/shortest-path
!SESSION 2024-04-19 00:11:33.739 -----------------------------------------------
eclipse.buildId=unknown
java.fullversion=18.0.2-ea+9
JRE 18 Mac OS X aarch64-64-Bit 20220818_37 (JIT enabled, AOT enabled)
OpenJ9   - 1d9d16830
OMR      - b58aa2708
JCL      - 8406c39ea29 based on jdk-18.0.2+9
BootLoader constants: OS=macosx, ARCH=aarch64, WS=cocoa, NL=en_US
Command-line arguments:  -clean -nl en_US -configuration /Users/papemayeldiagnethiam/Desktop/FISA INFO 4/Optimisation et Graphes/TPs/CPLEX/.metadata/workspace_oplrun

!ENTRY ilog.odms.ide.opllang.remote 1 0 2024-04-19 00:11:33.739
!MESSAGE Run Configuration1 in /Users/papemayeldiagnethiam/Desktop/FISA INFO 4/Optimisation et Graphes/TPs/CPLEX/shortest-path
!SESSION 2024-04-19 00:13:35.095 -----------------------------------------------
eclipse.buildId=unknown
java.fullversion=18.0.2-ea+9
JRE 18 Mac OS X aarch64-64-Bit 20220818_37 (JIT enabled, AOT enabled)
OpenJ9   - 1d9d16830
OMR      - b58aa2708
JCL      - 8406c39ea29 based on jdk-18.0.2+9
BootLoader constants: OS=macosx, ARCH=aarch64, WS=cocoa, NL=en_US
Command-line arguments:  -clean -nl en_US -configuration /Users/papemayeldiagnethiam/Desktop/FISA INFO 4/Optimisation et Graphes/TPs/CPLEX/.metadata/workspace_oplrun

!ENTRY ilog.odms.ide.opllang.remote 1 0 2024-04-19 00:13:35.095
!MESSAGE Run Configuration1 in /Users/papemayeldiagnethiam/Desktop/FISA INFO 4/Optimisation et Graphes/TPs/CPLEX/shortest-path
!SESSION 2024-04-19 00:14:17.185 -----------------------------------------------
eclipse.buildId=unknown
java.fullversion=18.0.2-ea+9
JRE 18 Mac OS X aarch64-64-Bit 20220818_37 (JIT enabled, AOT enabled)
OpenJ9   - 1d9d16830
OMR      - b58aa2708
JCL      - 8406c39ea29 based on jdk-18.0.2+9
BootLoader constants: OS=macosx, ARCH=aarch64, WS=cocoa, NL=en_US
Command-line arguments:  -clean -nl en_US -configuration /Users/papemayeldiagnethiam/Desktop/FISA INFO 4/Optimisation et Graphes/TPs/CPLEX/.metadata/workspace_oplrun

!ENTRY ilog.odms.ide.opllang.remote 1 0 2024-04-19 00:14:17.185
!MESSAGE Run Configuration1 in /Users/papemayeldiagnethiam/Desktop/FISA INFO 4/Optimisation et Graphes/TPs/CPLEX/shortest-path
!SESSION 2024-04-19 16:21:57.245 -----------------------------------------------
eclipse.buildId=unknown
java.fullversion=18.0.2-ea+9
JRE 18 Mac OS X aarch64-64-Bit 20220818_37 (JIT enabled, AOT enabled)
OpenJ9   - 1d9d16830
OMR      - b58aa2708
JCL      - 8406c39ea29 based on jdk-18.0.2+9
BootLoader constants: OS=macosx, ARCH=aarch64, WS=cocoa, NL=en_US
Command-line arguments:  -clean -nl en_US -configuration /Users/papemayeldiagnethiam/Desktop/FISA INFO 4/Optimisation et Graphes/TPs/CPLEX/.metadata/workspace_oplrun

!ENTRY ilog.odms.ide.opllang.remote 1 0 2024-04-19 16:21:57.245
!MESSAGE Run Configuration1 in /Users/papemayeldiagnethiam/Desktop/FISA INFO 4/Optimisation et Graphes/TPs/CPLEX/shortest-path
!SESSION 2024-04-19 16:43:00.924 -----------------------------------------------
eclipse.buildId=unknown
java.fullversion=18.0.2-ea+9
JRE 18 Mac OS X aarch64-64-Bit 20220818_37 (JIT enabled, AOT enabled)
OpenJ9   - 1d9d16830
OMR      - b58aa2708
JCL      - 8406c39ea29 based on jdk-18.0.2+9
BootLoader constants: OS=macosx, ARCH=aarch64, WS=cocoa, NL=en_US
Command-line arguments:  -clean -nl en_US -configuration /Users/papemayeldiagnethiam/Desktop/FISA INFO 4/Optimisation et Graphes/TPs/CPLEX/.metadata/workspace_oplrun

!ENTRY ilog.odms.ide.opllang.remote 1 0 2024-04-19 16:43:00.924
!MESSAGE Run Configuration1 in /Users/papemayeldiagnethiam/Desktop/FISA INFO 4/Optimisation et Graphes/TPs/CPLEX/shortest-path

!ENTRY ilog.odms.ide.opllang.remote 1 0 2024-04-19 16:43:01.038
!MESSAGE Unbounded model, try to disable presolve

!ENTRY ilog.odms.ide.opllang.remote 4 0 2024-04-22 14:52:26.251
!MESSAGE No OPL IDE for this oplrun

!ENTRY ilog.odms.ide.opllang 1 0 2024-04-22 14:52:26.356
!MESSAGE concert_wrap.IloEndMT

!ENTRY org.eclipse.core.jobs 2 2 2024-04-22 14:52:26.717
!MESSAGE Job found still running after platform shutdown.  Jobs should be canceled by the plugin that scheduled them during shutdown: ilog.odms.ide.opllang.remote.mbean.IloOplrunRemote$HeartBeatListenerJob

!ENTRY org.eclipse.core.jobs 2 2 2024-04-22 14:52:26.737
!MESSAGE Job found still running after platform shutdown.  Jobs should be canceled by the plugin that scheduled them during shutdown: ilog.odms.ide.opllang.run.IloAbstractRunShell$RequestDispatcherJob
!SESSION 2024-04-23 11:34:09.843 -----------------------------------------------
eclipse.buildId=unknown
java.fullversion=18.0.2-ea+9
JRE 18 Mac OS X aarch64-64-Bit 20220818_37 (JIT enabled, AOT enabled)
OpenJ9   - 1d9d16830
OMR      - b58aa2708
JCL      - 8406c39ea29 based on jdk-18.0.2+9
BootLoader constants: OS=macosx, ARCH=aarch64, WS=cocoa, NL=en_US
Command-line arguments:  -clean -nl en_US -configuration /Users/papemayeldiagnethiam/Desktop/FISA INFO 4/Optimisation et Graphes/TPs/CPLEX/.metadata/workspace_oplrun

!ENTRY ilog.odms.ide.opllang.remote 1 0 2024-04-23 11:34:09.843
!MESSAGE Run Configuration1 in /Users/papemayeldiagnethiam/Desktop/FISA INFO 4/Optimisation et Graphes/TPs/CPLEX/shortest-path
!SESSION 2024-04-23 11:34:48.106 -----------------------------------------------
eclipse.buildId=unknown
java.fullversion=18.0.2-ea+9
JRE 18 Mac OS X aarch64-64-Bit 20220818_37 (JIT enabled, AOT enabled)
OpenJ9   - 1d9d16830
OMR      - b58aa2708
JCL      - 8406c39ea29 based on jdk-18.0.2+9
BootLoader constants: OS=macosx, ARCH=aarch64, WS=cocoa, NL=en_US
Command-line arguments:  -clean -nl en_US -configuration /Users/papemayeldiagnethiam/Desktop/FISA INFO 4/Optimisation et Graphes/TPs/CPLEX/.metadata/workspace_oplrun

!ENTRY ilog.odms.ide.opllang.remote 1 0 2024-04-23 11:34:48.106
!MESSAGE Run Configuration1 in /Users/papemayeldiagnethiam/Desktop/FISA INFO 4/Optimisation et Graphes/TPs/CPLEX/tsp
!SESSION 2024-04-23 11:36:18.323 -----------------------------------------------
eclipse.buildId=unknown
java.fullversion=18.0.2-ea+9
JRE 18 Mac OS X aarch64-64-Bit 20220818_37 (JIT enabled, AOT enabled)
OpenJ9   - 1d9d16830
OMR      - b58aa2708
JCL      - 8406c39ea29 based on jdk-18.0.2+9
BootLoader constants: OS=macosx, ARCH=aarch64, WS=cocoa, NL=en_US
Command-line arguments:  -clean -nl en_US -configuration /Users/papemayeldiagnethiam/Desktop/FISA INFO 4/Optimisation et Graphes/TPs/CPLEX/.metadata/workspace_oplrun

!ENTRY ilog.odms.ide.opllang.remote 1 0 2024-04-23 11:36:18.323
!MESSAGE Run Configuration1 in /Users/papemayeldiagnethiam/Desktop/FISA INFO 4/Optimisation et Graphes/TPs/CPLEX/tsp
!SESSION 2024-04-23 11:37:03.403 -----------------------------------------------
eclipse.buildId=unknown
java.fullversion=18.0.2-ea+9
JRE 18 Mac OS X aarch64-64-Bit 20220818_37 (JIT enabled, AOT enabled)
OpenJ9   - 1d9d16830
OMR      - b58aa2708
JCL      - 8406c39ea29 based on jdk-18.0.2+9
BootLoader constants: OS=macosx, ARCH=aarch64, WS=cocoa, NL=en_US
Command-line arguments:  -clean -nl en_US -configuration /Users/papemayeldiagnethiam/Desktop/FISA INFO 4/Optimisation et Graphes/TPs/CPLEX/.metadata/workspace_oplrun

!ENTRY ilog.odms.ide.opllang.remote 1 0 2024-04-23 11:37:03.403
!MESSAGE Run Configuration1 in /Users/papemayeldiagnethiam/Desktop/FISA INFO 4/Optimisation et Graphes/TPs/CPLEX/tsp
!SESSION 2024-04-23 11:38:49.183 -----------------------------------------------
eclipse.buildId=unknown
java.fullversion=18.0.2-ea+9
JRE 18 Mac OS X aarch64-64-Bit 20220818_37 (JIT enabled, AOT enabled)
OpenJ9   - 1d9d16830
OMR      - b58aa2708
JCL      - 8406c39ea29 based on jdk-18.0.2+9
BootLoader constants: OS=macosx, ARCH=aarch64, WS=cocoa, NL=en_US
Command-line arguments:  -clean -nl en_US -configuration /Users/papemayeldiagnethiam/Desktop/FISA INFO 4/Optimisation et Graphes/TPs/CPLEX/.metadata/workspace_oplrun

!ENTRY ilog.odms.ide.opllang.remote 1 0 2024-04-23 11:38:49.183
!MESSAGE Run Configuration1 in /Users/papemayeldiagnethiam/Desktop/FISA INFO 4/Optimisation et Graphes/TPs/CPLEX/tsp

!ENTRY ilog.odms.ide.opllang.remote 4 0 2024-04-23 11:38:49.211
!MESSAGE load failed
!STACK 1
org.eclipse.core.runtime.CoreException: load failed
	at ilog.odms.ide.opllang.remote.IloOplRunConfigRunner.doSetUpModel(IloOplRunConfigRunner.java:146)
	at ilog.odms.ide.opllang.remote.IloOplRunConfigRunner.doRun(IloOplRunConfigRunner.java:374)
	at ilog.odms.ide.opllang.run.IloAbstractRunShell$2.run(IloAbstractRunShell.java:1605)
	at org.eclipse.core.internal.jobs.Worker.run(Worker.java:63)
Caused by: ilog.concert.IloException: Impossible to load model.
	at ilog.opl.opl_lang_wrapJNI.IloOplRunConfiguration_getCppOplModel(Native Method)
	at ilog.opl.IloOplRunConfiguration.getCppOplModel(IloOplRunConfiguration.java:240)
	at ilog.opl.IloOplRunConfiguration.getOplModel(IloOplRunConfiguration.java:139)
	at ilog.odms.ide.opllang.remote.IloOplRunConfigRunner.doSetUpModel(IloOplRunConfigRunner.java:140)
	... 3 more
!SUBENTRY 1 ilog.odms.ide.opllang.remote 4 0 2024-04-23 11:38:49.212
!MESSAGE load failed
!STACK 0
ilog.concert.IloException: Impossible to load model.
	at ilog.opl.opl_lang_wrapJNI.IloOplRunConfiguration_getCppOplModel(Native Method)
	at ilog.opl.IloOplRunConfiguration.getCppOplModel(IloOplRunConfiguration.java:240)
	at ilog.opl.IloOplRunConfiguration.getOplModel(IloOplRunConfiguration.java:139)
	at ilog.odms.ide.opllang.remote.IloOplRunConfigRunner.doSetUpModel(IloOplRunConfigRunner.java:140)
	at ilog.odms.ide.opllang.remote.IloOplRunConfigRunner.doRun(IloOplRunConfigRunner.java:374)
	at ilog.odms.ide.opllang.run.IloAbstractRunShell$2.run(IloAbstractRunShell.java:1605)
	at org.eclipse.core.internal.jobs.Worker.run(Worker.java:63)
!SESSION 2024-04-23 11:40:06.318 -----------------------------------------------
eclipse.buildId=unknown
java.fullversion=18.0.2-ea+9
JRE 18 Mac OS X aarch64-64-Bit 20220818_37 (JIT enabled, AOT enabled)
OpenJ9   - 1d9d16830
OMR      - b58aa2708
JCL      - 8406c39ea29 based on jdk-18.0.2+9
BootLoader constants: OS=macosx, ARCH=aarch64, WS=cocoa, NL=en_US
Command-line arguments:  -clean -nl en_US -configuration /Users/papemayeldiagnethiam/Desktop/FISA INFO 4/Optimisation et Graphes/TPs/CPLEX/.metadata/workspace_oplrun

!ENTRY ilog.odms.ide.opllang.remote 1 0 2024-04-23 11:40:06.318
!MESSAGE Run Configuration1 in /Users/papemayeldiagnethiam/Desktop/FISA INFO 4/Optimisation et Graphes/TPs/CPLEX/tsp
!SESSION 2024-04-23 11:45:52.342 -----------------------------------------------
eclipse.buildId=unknown
java.fullversion=18.0.2-ea+9
JRE 18 Mac OS X aarch64-64-Bit 20220818_37 (JIT enabled, AOT enabled)
OpenJ9   - 1d9d16830
OMR      - b58aa2708
JCL      - 8406c39ea29 based on jdk-18.0.2+9
BootLoader constants: OS=macosx, ARCH=aarch64, WS=cocoa, NL=en_US
Command-line arguments:  -clean -nl en_US -configuration /Users/papemayeldiagnethiam/Desktop/FISA INFO 4/Optimisation et Graphes/TPs/CPLEX/.metadata/workspace_oplrun

!ENTRY ilog.odms.ide.opllang.remote 1 0 2024-04-23 11:45:52.342
!MESSAGE Run Configuration1 in /Users/papemayeldiagnethiam/Desktop/FISA INFO 4/Optimisation et Graphes/TPs/CPLEX/tsp
!SESSION 2024-04-23 11:48:50.069 -----------------------------------------------
eclipse.buildId=unknown
java.fullversion=18.0.2-ea+9
JRE 18 Mac OS X aarch64-64-Bit 20220818_37 (JIT enabled, AOT enabled)
OpenJ9   - 1d9d16830
OMR      - b58aa2708
JCL      - 8406c39ea29 based on jdk-18.0.2+9
BootLoader constants: OS=macosx, ARCH=aarch64, WS=cocoa, NL=en_US
Command-line arguments:  -clean -nl en_US -configuration /Users/papemayeldiagnethiam/Desktop/FISA INFO 4/Optimisation et Graphes/TPs/CPLEX/.metadata/workspace_oplrun

!ENTRY ilog.odms.ide.opllang.remote 1 0 2024-04-23 11:48:50.069
!MESSAGE Run Configuration1 in /Users/papemayeldiagnethiam/Desktop/FISA INFO 4/Optimisation et Graphes/TPs/CPLEX/tsp
!SESSION 2024-04-23 11:49:30.520 -----------------------------------------------
eclipse.buildId=unknown
java.fullversion=18.0.2-ea+9
JRE 18 Mac OS X aarch64-64-Bit 20220818_37 (JIT enabled, AOT enabled)
OpenJ9   - 1d9d16830
OMR      - b58aa2708
JCL      - 8406c39ea29 based on jdk-18.0.2+9
BootLoader constants: OS=macosx, ARCH=aarch64, WS=cocoa, NL=en_US
Command-line arguments:  -clean -nl en_US -configuration /Users/papemayeldiagnethiam/Desktop/FISA INFO 4/Optimisation et Graphes/TPs/CPLEX/.metadata/workspace_oplrun

!ENTRY ilog.odms.ide.opllang.remote 1 0 2024-04-23 11:49:30.520
!MESSAGE Run Configuration1 in /Users/papemayeldiagnethiam/Desktop/FISA INFO 4/Optimisation et Graphes/TPs/CPLEX/tsp
!SESSION 2024-04-23 11:50:15.199 -----------------------------------------------
eclipse.buildId=unknown
java.fullversion=18.0.2-ea+9
JRE 18 Mac OS X aarch64-64-Bit 20220818_37 (JIT enabled, AOT enabled)
OpenJ9   - 1d9d16830
OMR      - b58aa2708
JCL      - 8406c39ea29 based on jdk-18.0.2+9
BootLoader constants: OS=macosx, ARCH=aarch64, WS=cocoa, NL=en_US
Command-line arguments:  -clean -nl en_US -configuration /Users/papemayeldiagnethiam/Desktop/FISA INFO 4/Optimisation et Graphes/TPs/CPLEX/.metadata/workspace_oplrun

!ENTRY ilog.odms.ide.opllang.remote 1 0 2024-04-23 11:50:15.199
!MESSAGE Run Configuration1 in /Users/papemayeldiagnethiam/Desktop/FISA INFO 4/Optimisation et Graphes/TPs/CPLEX/tsp
!SESSION 2024-04-23 11:52:00.163 -----------------------------------------------
eclipse.buildId=unknown
java.fullversion=18.0.2-ea+9
JRE 18 Mac OS X aarch64-64-Bit 20220818_37 (JIT enabled, AOT enabled)
OpenJ9   - 1d9d16830
OMR      - b58aa2708
JCL      - 8406c39ea29 based on jdk-18.0.2+9
BootLoader constants: OS=macosx, ARCH=aarch64, WS=cocoa, NL=en_US
Command-line arguments:  -clean -nl en_US -configuration /Users/papemayeldiagnethiam/Desktop/FISA INFO 4/Optimisation et Graphes/TPs/CPLEX/.metadata/workspace_oplrun

!ENTRY ilog.odms.ide.opllang.remote 1 0 2024-04-23 11:52:00.163
!MESSAGE Run Configuration1 in /Users/papemayeldiagnethiam/Desktop/FISA INFO 4/Optimisation et Graphes/TPs/CPLEX/tsp
!SESSION 2024-04-23 11:55:53.998 -----------------------------------------------
eclipse.buildId=unknown
java.fullversion=18.0.2-ea+9
JRE 18 Mac OS X aarch64-64-Bit 20220818_37 (JIT enabled, AOT enabled)
OpenJ9   - 1d9d16830
OMR      - b58aa2708
JCL      - 8406c39ea29 based on jdk-18.0.2+9
BootLoader constants: OS=macosx, ARCH=aarch64, WS=cocoa, NL=en_US
Command-line arguments:  -clean -nl en_US -configuration /Users/papemayeldiagnethiam/Desktop/FISA INFO 4/Optimisation et Graphes/TPs/CPLEX/.metadata/workspace_oplrun

!ENTRY ilog.odms.ide.opllang.remote 1 0 2024-04-23 11:55:53.998
!MESSAGE Run Configuration1 in /Users/papemayeldiagnethiam/Desktop/FISA INFO 4/Optimisation et Graphes/TPs/CPLEX/tsp
!SESSION 2024-04-23 11:56:21.538 -----------------------------------------------
eclipse.buildId=unknown
java.fullversion=18.0.2-ea+9
JRE 18 Mac OS X aarch64-64-Bit 20220818_37 (JIT enabled, AOT enabled)
OpenJ9   - 1d9d16830
OMR      - b58aa2708
JCL      - 8406c39ea29 based on jdk-18.0.2+9
BootLoader constants: OS=macosx, ARCH=aarch64, WS=cocoa, NL=en_US
Command-line arguments:  -clean -nl en_US -configuration /Users/papemayeldiagnethiam/Desktop/FISA INFO 4/Optimisation et Graphes/TPs/CPLEX/.metadata/workspace_oplrun

!ENTRY ilog.odms.ide.opllang.remote 1 0 2024-04-23 11:56:21.538
!MESSAGE Run Configuration1 in /Users/papemayeldiagnethiam/Desktop/FISA INFO 4/Optimisation et Graphes/TPs/CPLEX/tsp
!SESSION 2024-04-23 11:57:10.221 -----------------------------------------------
eclipse.buildId=unknown
java.fullversion=18.0.2-ea+9
JRE 18 Mac OS X aarch64-64-Bit 20220818_37 (JIT enabled, AOT enabled)
OpenJ9   - 1d9d16830
OMR      - b58aa2708
JCL      - 8406c39ea29 based on jdk-18.0.2+9
BootLoader constants: OS=macosx, ARCH=aarch64, WS=cocoa, NL=en_US
Command-line arguments:  -clean -nl en_US -configuration /Users/papemayeldiagnethiam/Desktop/FISA INFO 4/Optimisation et Graphes/TPs/CPLEX/.metadata/workspace_oplrun

!ENTRY ilog.odms.ide.opllang.remote 1 0 2024-04-23 11:57:10.221
!MESSAGE Run Configuration1 in /Users/papemayeldiagnethiam/Desktop/FISA INFO 4/Optimisation et Graphes/TPs/CPLEX/tsp

!ENTRY ilog.odms.ide.opllang.remote 4 0 2024-04-23 11:57:10.443
!MESSAGE run failed
!STACK 0
ilog.concert.IloException: Processing failed.
	at ilog.opl.opl_lang_wrapJNI.IloOplModel_solveAlgorithm(Native Method)
	at ilog.opl.IloOplModel.solveAlgorithm(IloOplModel.java:486)
	at ilog.odms.ide.opllang.remote.IloOplRunConfigRunner.doProcessSimpleCplex(IloOplRunConfigRunner.java:234)
	at ilog.odms.ide.opllang.remote.IloOplRunConfigRunner.doProcessSimple(IloOplRunConfigRunner.java:177)
	at ilog.odms.ide.opllang.remote.IloOplRunConfigRunner.doProcessModel(IloOplRunConfigRunner.java:163)
	at ilog.odms.ide.opllang.remote.IloOplRunConfigRunner.doRun(IloOplRunConfigRunner.java:377)
	at ilog.odms.ide.opllang.run.IloAbstractRunShell$2.run(IloAbstractRunShell.java:1605)
	at org.eclipse.core.internal.jobs.Worker.run(Worker.java:63)
!SESSION 2024-04-23 11:58:56.177 -----------------------------------------------
eclipse.buildId=unknown
java.fullversion=18.0.2-ea+9
JRE 18 Mac OS X aarch64-64-Bit 20220818_37 (JIT enabled, AOT enabled)
OpenJ9   - 1d9d16830
OMR      - b58aa2708
JCL      - 8406c39ea29 based on jdk-18.0.2+9
BootLoader constants: OS=macosx, ARCH=aarch64, WS=cocoa, NL=en_US
Command-line arguments:  -clean -nl en_US -configuration /Users/papemayeldiagnethiam/Desktop/FISA INFO 4/Optimisation et Graphes/TPs/CPLEX/.metadata/workspace_oplrun

!ENTRY ilog.odms.ide.opllang.remote 1 0 2024-04-23 11:58:56.178
!MESSAGE Run Configuration1 in /Users/papemayeldiagnethiam/Desktop/FISA INFO 4/Optimisation et Graphes/TPs/CPLEX/tsp
!SESSION 2024-04-23 11:59:27.333 -----------------------------------------------
eclipse.buildId=unknown
java.fullversion=18.0.2-ea+9
JRE 18 Mac OS X aarch64-64-Bit 20220818_37 (JIT enabled, AOT enabled)
OpenJ9   - 1d9d16830
OMR      - b58aa2708
JCL      - 8406c39ea29 based on jdk-18.0.2+9
BootLoader constants: OS=macosx, ARCH=aarch64, WS=cocoa, NL=en_US
Command-line arguments:  -clean -nl en_US -configuration /Users/papemayeldiagnethiam/Desktop/FISA INFO 4/Optimisation et Graphes/TPs/CPLEX/.metadata/workspace_oplrun

!ENTRY ilog.odms.ide.opllang.remote 1 0 2024-04-23 11:59:27.333
!MESSAGE Run Configuration1 in /Users/papemayeldiagnethiam/Desktop/FISA INFO 4/Optimisation et Graphes/TPs/CPLEX/tsp

!ENTRY ilog.odms.ide.opllang.remote 4 0 2024-04-23 11:59:27.495
!MESSAGE run failed
!STACK 0
ilog.concert.IloException: Processing failed.
	at ilog.opl.opl_lang_wrapJNI.IloOplModel_solveAlgorithm(Native Method)
	at ilog.opl.IloOplModel.solveAlgorithm(IloOplModel.java:486)
	at ilog.odms.ide.opllang.remote.IloOplRunConfigRunner.doProcessSimpleCplex(IloOplRunConfigRunner.java:234)
	at ilog.odms.ide.opllang.remote.IloOplRunConfigRunner.doProcessSimple(IloOplRunConfigRunner.java:177)
	at ilog.odms.ide.opllang.remote.IloOplRunConfigRunner.doProcessModel(IloOplRunConfigRunner.java:163)
	at ilog.odms.ide.opllang.remote.IloOplRunConfigRunner.doRun(IloOplRunConfigRunner.java:377)
	at ilog.odms.ide.opllang.run.IloAbstractRunShell$2.run(IloAbstractRunShell.java:1605)
	at org.eclipse.core.internal.jobs.Worker.run(Worker.java:63)
!SESSION 2024-04-23 12:00:15.935 -----------------------------------------------
eclipse.buildId=unknown
java.fullversion=18.0.2-ea+9
JRE 18 Mac OS X aarch64-64-Bit 20220818_37 (JIT enabled, AOT enabled)
OpenJ9   - 1d9d16830
OMR      - b58aa2708
JCL      - 8406c39ea29 based on jdk-18.0.2+9
BootLoader constants: OS=macosx, ARCH=aarch64, WS=cocoa, NL=en_US
Command-line arguments:  -clean -nl en_US -configuration /Users/papemayeldiagnethiam/Desktop/FISA INFO 4/Optimisation et Graphes/TPs/CPLEX/.metadata/workspace_oplrun

!ENTRY ilog.odms.ide.opllang.remote 1 0 2024-04-23 12:00:15.936
!MESSAGE Run Configuration1 in /Users/papemayeldiagnethiam/Desktop/FISA INFO 4/Optimisation et Graphes/TPs/CPLEX/tsp
!SESSION 2024-04-23 12:00:29.065 -----------------------------------------------
eclipse.buildId=unknown
java.fullversion=18.0.2-ea+9
JRE 18 Mac OS X aarch64-64-Bit 20220818_37 (JIT enabled, AOT enabled)
OpenJ9   - 1d9d16830
OMR      - b58aa2708
JCL      - 8406c39ea29 based on jdk-18.0.2+9
BootLoader constants: OS=macosx, ARCH=aarch64, WS=cocoa, NL=en_US
Command-line arguments:  -clean -nl en_US -configuration /Users/papemayeldiagnethiam/Desktop/FISA INFO 4/Optimisation et Graphes/TPs/CPLEX/.metadata/workspace_oplrun

!ENTRY ilog.odms.ide.opllang.remote 1 0 2024-04-23 12:00:29.065
!MESSAGE Run Configuration1 in /Users/papemayeldiagnethiam/Desktop/FISA INFO 4/Optimisation et Graphes/TPs/CPLEX/tsp
!SESSION 2024-04-23 12:01:05.971 -----------------------------------------------
eclipse.buildId=unknown
java.fullversion=18.0.2-ea+9
JRE 18 Mac OS X aarch64-64-Bit 20220818_37 (JIT enabled, AOT enabled)
OpenJ9   - 1d9d16830
OMR      - b58aa2708
JCL      - 8406c39ea29 based on jdk-18.0.2+9
BootLoader constants: OS=macosx, ARCH=aarch64, WS=cocoa, NL=en_US
Command-line arguments:  -clean -nl en_US -configuration /Users/papemayeldiagnethiam/Desktop/FISA INFO 4/Optimisation et Graphes/TPs/CPLEX/.metadata/workspace_oplrun

!ENTRY ilog.odms.ide.opllang.remote 1 0 2024-04-23 12:01:05.972
!MESSAGE Run Configuration1 in /Users/papemayeldiagnethiam/Desktop/FISA INFO 4/Optimisation et Graphes/TPs/CPLEX/tsp

!ENTRY ilog.odms.ide.opllang.remote 4 0 2024-04-23 12:01:05.998
!MESSAGE load failed
!STACK 1
org.eclipse.core.runtime.CoreException: load failed
	at ilog.odms.ide.opllang.remote.IloOplRunConfigRunner.doSetUpModel(IloOplRunConfigRunner.java:146)
	at ilog.odms.ide.opllang.remote.IloOplRunConfigRunner.doRun(IloOplRunConfigRunner.java:374)
	at ilog.odms.ide.opllang.run.IloAbstractRunShell$2.run(IloAbstractRunShell.java:1605)
	at org.eclipse.core.internal.jobs.Worker.run(Worker.java:63)
Caused by: ilog.concert.IloException: Impossible to load model.
	at ilog.opl.opl_lang_wrapJNI.IloOplRunConfiguration_getCppOplModel(Native Method)
	at ilog.opl.IloOplRunConfiguration.getCppOplModel(IloOplRunConfiguration.java:240)
	at ilog.opl.IloOplRunConfiguration.getOplModel(IloOplRunConfiguration.java:139)
	at ilog.odms.ide.opllang.remote.IloOplRunConfigRunner.doSetUpModel(IloOplRunConfigRunner.java:140)
	... 3 more
!SUBENTRY 1 ilog.odms.ide.opllang.remote 4 0 2024-04-23 12:01:05.999
!MESSAGE load failed
!STACK 0
ilog.concert.IloException: Impossible to load model.
	at ilog.opl.opl_lang_wrapJNI.IloOplRunConfiguration_getCppOplModel(Native Method)
	at ilog.opl.IloOplRunConfiguration.getCppOplModel(IloOplRunConfiguration.java:240)
	at ilog.opl.IloOplRunConfiguration.getOplModel(IloOplRunConfiguration.java:139)
	at ilog.odms.ide.opllang.remote.IloOplRunConfigRunner.doSetUpModel(IloOplRunConfigRunner.java:140)
	at ilog.odms.ide.opllang.remote.IloOplRunConfigRunner.doRun(IloOplRunConfigRunner.java:374)
	at ilog.odms.ide.opllang.run.IloAbstractRunShell$2.run(IloAbstractRunShell.java:1605)
	at org.eclipse.core.internal.jobs.Worker.run(Worker.java:63)
!SESSION 2024-04-23 12:01:30.447 -----------------------------------------------
eclipse.buildId=unknown
java.fullversion=18.0.2-ea+9
JRE 18 Mac OS X aarch64-64-Bit 20220818_37 (JIT enabled, AOT enabled)
OpenJ9   - 1d9d16830
OMR      - b58aa2708
JCL      - 8406c39ea29 based on jdk-18.0.2+9
BootLoader constants: OS=macosx, ARCH=aarch64, WS=cocoa, NL=en_US
Command-line arguments:  -clean -nl en_US -configuration /Users/papemayeldiagnethiam/Desktop/FISA INFO 4/Optimisation et Graphes/TPs/CPLEX/.metadata/workspace_oplrun

!ENTRY ilog.odms.ide.opllang.remote 1 0 2024-04-23 12:01:30.447
!MESSAGE Run Configuration1 in /Users/papemayeldiagnethiam/Desktop/FISA INFO 4/Optimisation et Graphes/TPs/CPLEX/tsp
!SESSION 2024-04-23 12:02:41.567 -----------------------------------------------
eclipse.buildId=unknown
java.fullversion=18.0.2-ea+9
JRE 18 Mac OS X aarch64-64-Bit 20220818_37 (JIT enabled, AOT enabled)
OpenJ9   - 1d9d16830
OMR      - b58aa2708
JCL      - 8406c39ea29 based on jdk-18.0.2+9
BootLoader constants: OS=macosx, ARCH=aarch64, WS=cocoa, NL=en_US
Command-line arguments:  -clean -nl en_US -configuration /Users/papemayeldiagnethiam/Desktop/FISA INFO 4/Optimisation et Graphes/TPs/CPLEX/.metadata/workspace_oplrun

!ENTRY ilog.odms.ide.opllang.remote 1 0 2024-04-23 12:02:41.568
!MESSAGE Run Configuration1 in /Users/papemayeldiagnethiam/Desktop/FISA INFO 4/Optimisation et Graphes/TPs/CPLEX/tsp
!SESSION 2024-04-23 12:05:21.881 -----------------------------------------------
eclipse.buildId=unknown
java.fullversion=18.0.2-ea+9
JRE 18 Mac OS X aarch64-64-Bit 20220818_37 (JIT enabled, AOT enabled)
OpenJ9   - 1d9d16830
OMR      - b58aa2708
JCL      - 8406c39ea29 based on jdk-18.0.2+9
BootLoader constants: OS=macosx, ARCH=aarch64, WS=cocoa, NL=en_US
Command-line arguments:  -clean -nl en_US -configuration /Users/papemayeldiagnethiam/Desktop/FISA INFO 4/Optimisation et Graphes/TPs/CPLEX/.metadata/workspace_oplrun

!ENTRY ilog.odms.ide.opllang.remote 1 0 2024-04-23 12:05:21.881
!MESSAGE Run Configuration1 in /Users/papemayeldiagnethiam/Desktop/FISA INFO 4/Optimisation et Graphes/TPs/CPLEX/tsp
